<?xml version="1.0" encoding="UTF-8"?>
<testng-results ignored="0" total="15" passed="15" failed="0" skipped="0">
  <reporter-output>
  </reporter-output>
  <suite started-at="2025-01-07T23:13:06 IST" name="All Test Suite" finished-at="2025-01-07T23:13:06 IST" duration-ms="110">
    <groups>
    </groups>
    <test started-at="2025-01-07T23:13:06 IST" name="C:/Users/ekhan/IdeaProjects/actitime-automation/src/test/java/TestNG/SubTestNG" finished-at="2025-01-07T23:13:06 IST" duration-ms="110">
      <class name="TestNG.SubTestNG.AccountsEx2">
        <test-method signature="addAccount()[pri:0, instance:TestNG.SubTestNG.AccountsEx2@1d082e88]" started-at="2025-01-07T23:13:06 IST" name="addAccount" finished-at="2025-01-07T23:13:06 IST" duration-ms="2" status="PASS">
          <reporter-output>
          </reporter-output>
        </test-method> <!-- addAccount -->
        <test-method signature="updateAccount()[pri:0, instance:TestNG.SubTestNG.AccountsEx2@1d082e88]" started-at="2025-01-07T23:13:06 IST" name="updateAccount" finished-at="2025-01-07T23:13:06 IST" duration-ms="0" status="PASS">
          <reporter-output>
          </reporter-output>
        </test-method> <!-- updateAccount -->
        <test-method signature="deleteAccount()[pri:0, instance:TestNG.SubTestNG.AccountsEx2@1d082e88]" started-at="2025-01-07T23:13:06 IST" name="deleteAccount" finished-at="2025-01-07T23:13:06 IST" duration-ms="0" status="PASS">
          <reporter-output>
          </reporter-output>
        </test-method> <!-- deleteAccount -->
      </class> <!-- TestNG.SubTestNG.AccountsEx2 -->
      <class name="TestNG.SubTestNG.InstagramTC">
        <test-method is-config="true" signature="readStageEnvironmentDetails()[pri:0, instance:TestNG.SubTestNG.InstagramTC@6dbb137d]" started-at="2025-01-07T23:13:06 IST" name="readStageEnvironmentDetails" finished-at="2025-01-07T23:13:06 IST" duration-ms="25" status="PASS">
          <reporter-output>
          </reporter-output>
        </test-method> <!-- readStageEnvironmentDetails -->
        <test-method signature="deleteInstagram()[pri:0, instance:TestNG.SubTestNG.InstagramTC@6dbb137d]" started-at="2025-01-07T23:13:06 IST" name="deleteInstagram" finished-at="2025-01-07T23:13:06 IST" duration-ms="3" status="PASS">
          <reporter-output>
          </reporter-output>
        </test-method> <!-- deleteInstagram -->
        <test-method signature="addInstagram()[pri:0, instance:TestNG.SubTestNG.InstagramTC@6dbb137d]" started-at="2025-01-07T23:13:06 IST" name="addInstagram" finished-at="2025-01-07T23:13:06 IST" duration-ms="0" status="PASS">
          <reporter-output>
          </reporter-output>
        </test-method> <!-- addInstagram -->
        <test-method signature="updateInstagram()[pri:0, instance:TestNG.SubTestNG.InstagramTC@6dbb137d]" started-at="2025-01-07T23:13:06 IST" name="updateInstagram" finished-at="2025-01-07T23:13:06 IST" duration-ms="0" status="PASS">
          <reporter-output>
          </reporter-output>
        </test-method> <!-- updateInstagram -->
        <test-method is-config="true" signature="closeClearStageObjectDetails()[pri:0, instance:TestNG.SubTestNG.InstagramTC@6dbb137d]" started-at="2025-01-07T23:13:06 IST" name="closeClearStageObjectDetails" finished-at="2025-01-07T23:13:06 IST" duration-ms="0" status="PASS">
          <reporter-output>
          </reporter-output>
        </test-method> <!-- closeClearStageObjectDetails -->
      </class> <!-- TestNG.SubTestNG.InstagramTC -->
      <class name="TestNG.SubTestNG.ReportsTC">
        <test-method signature="addReport()[pri:0, instance:TestNG.SubTestNG.ReportsTC@3c9d0b9d]" started-at="2025-01-07T23:13:06 IST" name="addReport" finished-at="2025-01-07T23:13:06 IST" duration-ms="0" status="PASS">
          <reporter-output>
          </reporter-output>
        </test-method> <!-- addReport -->
        <test-method signature="updateReport()[pri:0, instance:TestNG.SubTestNG.ReportsTC@3c9d0b9d]" started-at="2025-01-07T23:13:06 IST" name="updateReport" finished-at="2025-01-07T23:13:06 IST" duration-ms="3" status="PASS">
          <reporter-output>
          </reporter-output>
        </test-method> <!-- updateReport -->
        <test-method signature="deleteReport()[pri:0, instance:TestNG.SubTestNG.ReportsTC@3c9d0b9d]" started-at="2025-01-07T23:13:06 IST" name="deleteReport" finished-at="2025-01-07T23:13:06 IST" duration-ms="0" status="PASS">
          <reporter-output>
          </reporter-output>
        </test-method> <!-- deleteReport -->
      </class> <!-- TestNG.SubTestNG.ReportsTC -->
      <class name="TestNG.SubTestNG.WhatsAppTC">
        <test-method signature="addWhatsApp()[pri:0, instance:TestNG.SubTestNG.WhatsAppTC@2f112965]" started-at="2025-01-07T23:13:06 IST" name="addWhatsApp" finished-at="2025-01-07T23:13:06 IST" duration-ms="2" status="PASS">
          <reporter-output>
          </reporter-output>
        </test-method> <!-- addWhatsApp -->
        <test-method signature="deleteWhatsApp()[pri:0, instance:TestNG.SubTestNG.WhatsAppTC@2f112965]" started-at="2025-01-07T23:13:06 IST" name="deleteWhatsApp" finished-at="2025-01-07T23:13:06 IST" duration-ms="1" status="PASS">
          <reporter-output>
          </reporter-output>
        </test-method> <!-- deleteWhatsApp -->
        <test-method signature="updateWhatsApp()[pri:0, instance:TestNG.SubTestNG.WhatsAppTC@2f112965]" started-at="2025-01-07T23:13:06 IST" name="updateWhatsApp" finished-at="2025-01-07T23:13:06 IST" duration-ms="0" status="PASS">
          <reporter-output>
          </reporter-output>
        </test-method> <!-- updateWhatsApp -->
      </class> <!-- TestNG.SubTestNG.WhatsAppTC -->
      <class name="TestNG.SubTestNG.UsersEx2">
        <test-method is-config="true" signature="readQaEnvironmentDetails()[pri:0, instance:TestNG.SubTestNG.UsersEx2@43301423]" started-at="2025-01-07T23:13:06 IST" name="readQaEnvironmentDetails" finished-at="2025-01-07T23:13:06 IST" duration-ms="0" status="PASS">
          <reporter-output>
          </reporter-output>
        </test-method> <!-- readQaEnvironmentDetails -->
        <test-method signature="addUser()[pri:0, instance:TestNG.SubTestNG.UsersEx2@43301423]" started-at="2025-01-07T23:13:06 IST" name="addUser" finished-at="2025-01-07T23:13:06 IST" duration-ms="0" status="PASS">
          <reporter-output>
          </reporter-output>
        </test-method> <!-- addUser -->
        <test-method signature="deleteUser()[pri:0, instance:TestNG.SubTestNG.UsersEx2@43301423]" started-at="2025-01-07T23:13:06 IST" name="deleteUser" finished-at="2025-01-07T23:13:06 IST" duration-ms="0" status="PASS">
          <reporter-output>
          </reporter-output>
        </test-method> <!-- deleteUser -->
        <test-method signature="updateUser()[pri:0, instance:TestNG.SubTestNG.UsersEx2@43301423]" started-at="2025-01-07T23:13:06 IST" name="updateUser" finished-at="2025-01-07T23:13:06 IST" duration-ms="3" status="PASS">
          <reporter-output>
          </reporter-output>
        </test-method> <!-- updateUser -->
        <test-method is-config="true" signature="closeClearQaObjectDetails()[pri:0, instance:TestNG.SubTestNG.UsersEx2@43301423]" started-at="2025-01-07T23:13:06 IST" name="closeClearQaObjectDetails" finished-at="2025-01-07T23:13:06 IST" duration-ms="5" status="PASS">
          <reporter-output>
          </reporter-output>
        </test-method> <!-- closeClearQaObjectDetails -->
      </class> <!-- TestNG.SubTestNG.UsersEx2 -->
    </test> <!-- C:/Users/ekhan/IdeaProjects/actitime-automation/src/test/java/TestNG/SubTestNG -->
  </suite> <!-- All Test Suite -->
</testng-results>
