<?xml version="1.0" encoding="UTF-8"?>
<!-- Generated by org.testng.reporters.JUnitReportReporter -->
<testsuite hostname="NIKITA" failures="0" tests="3" name="TestNG.SubTestNG.AccountsEx2" time="0.002" errors="0" timestamp="2025-01-07T23:13:06 IST" skipped="0">
  <testcase classname="TestNG.SubTestNG.AccountsEx2" name="addAccount" time="0.002"/>
  <testcase classname="TestNG.SubTestNG.AccountsEx2" name="updateAccount" time="0.000"/>
  <testcase classname="TestNG.SubTestNG.AccountsEx2" name="deleteAccount" time="0.000"/>
</testsuite> <!-- TestNG.SubTestNG.AccountsEx2 -->
