<?xml version="1.0" encoding="UTF-8"?>
<!-- Generated by org.testng.reporters.JUnitReportReporter -->
<testsuite hostname="NIKITA" failures="0" tests="3" name="TestNG.SubTestNG.UsersEx2" time="0.003" errors="0" timestamp="2025-01-07T23:13:06 IST" skipped="0">
  <testcase classname="TestNG.SubTestNG.UsersEx2" name="deleteUser" time="0.000"/>
  <testcase classname="TestNG.SubTestNG.UsersEx2" name="updateUser" time="0.003"/>
  <testcase classname="TestNG.SubTestNG.UsersEx2" name="addUser" time="0.000"/>
</testsuite> <!-- TestNG.SubTestNG.UsersEx2 -->
