<?xml version="1.0" encoding="UTF-8"?>
<!-- Generated by org.testng.reporters.JUnitReportReporter -->
<testsuite hostname="NIKITA" failures="0" tests="3" name="TestNG.SubTestNG.WhatsAppTC" time="0.003" errors="0" timestamp="2025-01-07T23:13:06 IST" skipped="0">
  <testcase classname="TestNG.SubTestNG.WhatsAppTC" name="updateWhatsApp" time="0.000"/>
  <testcase classname="TestNG.SubTestNG.WhatsAppTC" name="deleteWhatsApp" time="0.001"/>
  <testcase classname="TestNG.SubTestNG.WhatsAppTC" name="addWhatsApp" time="0.002"/>
</testsuite> <!-- TestNG.SubTestNG.WhatsAppTC -->
