<?xml version="1.0" encoding="UTF-8"?>
<!-- Generated by org.testng.reporters.JUnitReportReporter -->
<testsuite hostname="NIKITA" failures="0" tests="3" name="TestNG.SubTestNG.InstagramTC" time="0.003" errors="0" timestamp="2025-01-07T23:13:06 IST" skipped="0">
  <testcase classname="TestNG.SubTestNG.InstagramTC" name="addInstagram" time="0.000"/>
  <testcase classname="TestNG.SubTestNG.InstagramTC" name="updateInstagram" time="0.000"/>
  <testcase classname="TestNG.SubTestNG.InstagramTC" name="deleteInstagram" time="0.003"/>
</testsuite> <!-- TestNG.SubTestNG.InstagramTC -->
